<?xml version="1.0" encoding="UTF-8"?>
<!-- Generated by org.testng.reporters.JUnitReportReporter -->
<testsuite hostname="King" name="TestCases.SearchProcess" tests="2" failures="0" timestamp="10 Oct 2018 03:31:16 GMT" time="7.816" errors="0">
  <testcase name="case1" time="0.883" classname="TestCases.SearchProcess"/>
  <testcase name="case2" time="6.933" classname="TestCases.SearchProcess"/>
</testsuite> <!-- TestCases.SearchProcess -->
