<?xml version="1.0" encoding="UTF-8"?>
<!-- Generated by org.testng.reporters.JUnitReportReporter -->
<testsuite hostname="King" name="TestCases.SearchProcess" tests="2" failures="0" timestamp="4 Dec 2018 03:57:13 GMT" time="8.466" errors="0">
  <testcase name="case1" time="1.203" classname="TestCases.SearchProcess"/>
  <testcase name="case2" time="7.263" classname="TestCases.SearchProcess"/>
</testsuite> <!-- TestCases.SearchProcess -->
