<?xml version="1.0" encoding="UTF-8"?>
<!-- Generated by org.testng.reporters.JUnitReportReporter -->
<testsuite hostname="King" name="TestCases.SearchProcess" tests="4" failures="0" timestamp="16 Jan 2020 07:04:17 GMT" time="17.998" errors="0">
  <testcase name="case2" time="7.864" classname="TestCases.SearchProcess"/>
  <testcase name="case1" time="1.340" classname="TestCases.SearchProcess"/>
  <testcase name="case1" time="1.450" classname="TestCases.SearchProcess"/>
  <testcase name="case2" time="7.344" classname="TestCases.SearchProcess"/>
</testsuite> <!-- TestCases.SearchProcess -->
