<?xml version="1.0" encoding="UTF-8"?>
<!-- Generated by org.testng.reporters.JUnitReportReporter -->
<testsuite hostname="King" name="TestCases.SearchProcess" tests="2" failures="0" timestamp="10 Oct 2018 02:51:36 GMT" time="7.895" errors="0">
  <testcase name="case2" time="6.940" classname="TestCases.SearchProcess"/>
  <testcase name="case1" time="0.955" classname="TestCases.SearchProcess"/>
</testsuite> <!-- TestCases.SearchProcess -->
