<?xml version="1.0" encoding="UTF-8"?>
<!-- Generated by org.testng.reporters.JUnitReportReporter -->
<testsuite hostname="King" name="TestCases.SearchProcess" tests="2" failures="0" timestamp="27 Mar 2019 04:16:26 GMT" time="16.058" errors="0">
  <testcase name="case1" time="2.684" classname="TestCases.SearchProcess"/>
  <testcase name="case2" time="13.374" classname="TestCases.SearchProcess"/>
</testsuite> <!-- TestCases.SearchProcess -->
